<?xml version="1.0" encoding="UTF-8"?>
<!-- Generated by org.testng.reporters.JUnitXMLReporter -->
<testsuite hostname="DESKTOP-95QKK0U" ignored="0" name="Default test" tests="2" failures="0" timestamp="2020-02-23T16:38:26 AEDT" time="25.512" errors="0">
  <testcase name="eApplyCalculator" time="7.632" classname="com.eapplycalculators.testCases.TC_eApplyCalDDT"/>
  <testcase name="eApplyCalculator" time="4.868" classname="com.eapplycalculators.testCases.TC_eApplyCalDDT"/>
</testsuite> <!-- Default test -->
