<?xml version="1.0" encoding="UTF-8"?>
<testsuite xmlns:xsi="http://www.w3.org/2001/XMLSchema-instance" xsi:noNamespaceSchemaLocation="https://maven.apache.org/surefire/maven-surefire-plugin/xsd/surefire-test-report-3.0.xsd" version="3.0" name="TestSuite" time="81.87" tests="2" errors="0" skipped="0" failures="1">
  <properties>
[...]
</properties>
  <testcase name="eApplyCalculator" classname="com.eapplycalculators.testCases.TC_eApplyCalDDT" time="38.32"/>
  <testcase name="eApplyCalculator" classname="com.eapplycalculators.testCases.TC_eApplyCalDDT" time="25.669">
    <failure message="Cannot locate element with text: Business Analyst/Consultant&#10;For documentation on this error, please visit: https://www.seleniumhq.org/exceptions/no_such_element.html&#10;Build info: version: &apos;3.141.59&apos;, revision: &apos;e82be7d358&apos;, time: &apos;2018-11-14T08:17:03&apos;&#10;System info: host: &apos;DESKTOP-95QKK0U&apos;, ip: &apos;192.168.1.108&apos;, os.name: &apos;Windows 10&apos;, os.arch: &apos;amd64&apos;, os.version: &apos;10.0&apos;, java.version: &apos;1.8.0_181&apos;&#10;Driver info: driver.version: unknown" type="org.openqa.selenium.NoSuchElementException"><![CDATA[org.openqa.selenium.NoSuchElementException: 
Cannot locate element with text: Business Analyst/Consultant
For documentation on this error, please visit: https://www.seleniumhq.org/exceptions/no_such_element.html
Build info: version: '3.141.59', revision: 'e82be7d358', time: '2018-11-14T08:17:03'
System info: host: 'DESKTOP-95QKK0U', ip: '192.168.1.108', os.name: 'Windows 10', os.arch: 'amd64', os.version: '10.0', java.version: '1.8.0_181'
Driver info: driver.version: unknown
	at com.eapplycalculators.testCases.TC_eApplyCalDDT.eApplyCalculator(TC_eApplyCalDDT.java:35)
]]></failure>
    <system-out><![CDATA[ INFO [main] (TC_eApplyCalDDT.java:19)- URL is Opened
 INFO [main] (TC_eApplyCalDDT.java:24)- Enetred Date of Birth
]]></system-out>
    <system-err><![CDATA[[1582629375.224][SEVERE]: Timed out receiving message from renderer: 0.100
[1582629375.326][SEVERE]: Timed out receiving message from renderer: 0.100
[1582629375.431][SEVERE]: Timed out receiving message from renderer: 0.100
[1582629375.567][SEVERE]: Timed out receiving message from renderer: 0.100
[1582629375.676][SEVERE]: Timed out receiving message from renderer: 0.100
[1582629375.785][SEVERE]: Timed out receiving message from renderer: 0.100
[1582629375.890][SEVERE]: Timed out receiving message from renderer: 0.100
[1582629375.994][SEVERE]: Timed out receiving message from renderer: 0.100
[1582629376.099][SEVERE]: Timed out receiving message from renderer: 0.100
[1582629376.204][SEVERE]: Timed out receiving message from renderer: 0.100
[1582629376.325][SEVERE]: Timed out receiving message from renderer: 0.100
[1582629376.429][SEVERE]: Timed out receiving message from renderer: 0.100
[1582629376.537][SEVERE]: Timed out receiving message from renderer: 0.100
[1582629376.650][SEVERE]: Timed out receiving message from renderer: 0.100
[1582629376.754][SEVERE]: Timed out receiving message from renderer: 0.100
[1582629376.860][SEVERE]: Timed out receiving message from renderer: 0.100
]]></system-err>
  </testcase>
</testsuite>