<?xml version="1.0" encoding="UTF-8"?>
<testng-results skipped="0" failed="1" ignored="0" total="2" passed="1">
  <reporter-output>
  </reporter-output>
  <suite name="Default suite" duration-ms="80277" started-at="2020-02-25T22:15:21 AEDT" finished-at="2020-02-25T22:16:41 AEDT">
    <groups>
    </groups>
    <test name="Default test" duration-ms="80277" started-at="2020-02-25T22:15:21 AEDT" finished-at="2020-02-25T22:16:41 AEDT">
      <class name="com.eapplycalculators.testCases.TC_eApplyCalDDT">
        <test-method status="PASS" signature="setup(java.lang.String)[pri:0, instance:com.eapplycalculators.testCases.TC_eApplyCalDDT@18eed359]" name="setup" is-config="true" duration-ms="13058" started-at="2020-02-25T22:15:21 AEDT" finished-at="2020-02-25T22:15:34 AEDT">
          <params>
            <param index="0">
              <value>
                <![CDATA[chrome]]>
              </value>
            </param>
          </params>
          <reporter-output>
          </reporter-output>
        </test-method> <!-- setup -->
        <test-method status="PASS" signature="eApplyCalculator(java.lang.String, java.lang.String, java.lang.String, java.lang.String, java.lang.String, java.lang.String, java.lang.String, java.lang.String, java.lang.String, java.lang.String, java.lang.String, java.lang.String, java.lang.String, java.lang.String, java.lang.String, java.lang.String, java.lang.String)[pri:0, instance:com.eapplycalculators.testCases.TC_eApplyCalDDT@18eed359]" name="eApplyCalculator" duration-ms="38314" started-at="2020-02-25T22:15:36 AEDT" data-provider="eApplyCalclatorData" finished-at="2020-02-25T22:16:14 AEDT">
          <params>
            <param index="0">
              <value>
                <![CDATA[01/01/1988]]>
              </value>
            </param>
            <param index="1">
              <value>
                <![CDATA[Aviation]]>
              </value>
            </param>
            <param index="2">
              <value>
                <![CDATA[Cabin Crew]]>
              </value>
            </param>
            <param index="3">
              <value>
                <![CDATA[100000]]>
              </value>
            </param>
            <param index="4">
              <value>
                <![CDATA[Weekly]]>
              </value>
            </param>
            <param index="5">
              <value>
                <![CDATA[200000]]>
              </value>
            </param>
            <param index="6">
              <value>
                <![CDATA[200000]]>
              </value>
            </param>
            <param index="7">
              <value>
                <![CDATA[90 Days]]>
              </value>
            </param>
            <param index="8">
              <value>
                <![CDATA[2 Years]]>
              </value>
            </param>
            <param index="9">
              <value>
                <![CDATA[2]]>
              </value>
            </param>
            <param index="10">
              <value>
                <![CDATA[$200,000.00]]>
              </value>
            </param>
            <param index="11">
              <value>
                <![CDATA[$200,000.00]]>
              </value>
            </param>
            <param index="12">
              <value>
                <![CDATA[$867.00]]>
              </value>
            </param>
            <param index="13">
              <value>
                <![CDATA[$1.69]]>
              </value>
            </param>
            <param index="14">
              <value>
                <![CDATA[$1.50]]>
              </value>
            </param>
            <param index="15">
              <value>
                <![CDATA[$0.31]]>
              </value>
            </param>
            <param index="16">
              <value>
                <![CDATA[$3.50]]>
              </value>
            </param>
          </params>
          <reporter-output>
          </reporter-output>
        </test-method> <!-- eApplyCalculator -->
        <test-method status="FAIL" signature="eApplyCalculator(java.lang.String, java.lang.String, java.lang.String, java.lang.String, java.lang.String, java.lang.String, java.lang.String, java.lang.String, java.lang.String, java.lang.String, java.lang.String, java.lang.String, java.lang.String, java.lang.String, java.lang.String, java.lang.String, java.lang.String)[pri:0, instance:com.eapplycalculators.testCases.TC_eApplyCalDDT@18eed359]" name="eApplyCalculator" duration-ms="25652" started-at="2020-02-25T22:16:14 AEDT" data-provider="eApplyCalclatorData" finished-at="2020-02-25T22:16:40 AEDT">
          <params>
            <param index="0">
              <value>
                <![CDATA[01/01/1988]]>
              </value>
            </param>
            <param index="1">
              <value>
                <![CDATA[Advertising & Marketing]]>
              </value>
            </param>
            <param index="2">
              <value>
                <![CDATA[Business Analyst/Consultant]]>
              </value>
            </param>
            <param index="3">
              <value>
                <![CDATA[200000]]>
              </value>
            </param>
            <param index="4">
              <value>
                <![CDATA[Yearly]]>
              </value>
            </param>
            <param index="5">
              <value>
                <![CDATA[300000]]>
              </value>
            </param>
            <param index="6">
              <value>
                <![CDATA[300000]]>
              </value>
            </param>
            <param index="7">
              <value>
                <![CDATA[60 Days]]>
              </value>
            </param>
            <param index="8">
              <value>
                <![CDATA[2 Years]]>
              </value>
            </param>
            <param index="9">
              <value>
                <![CDATA[3]]>
              </value>
            </param>
            <param index="10">
              <value>
                <![CDATA[$300,000.00]]>
              </value>
            </param>
            <param index="11">
              <value>
                <![CDATA[$300,000.00]]>
              </value>
            </param>
            <param index="12">
              <value>
                <![CDATA[$1,300.00]]>
              </value>
            </param>
            <param index="13">
              <value>
                <![CDATA[$132.00]]>
              </value>
            </param>
            <param index="14">
              <value>
                <![CDATA[$117.00]]>
              </value>
            </param>
            <param index="15">
              <value>
                <![CDATA[$48.66]]>
              </value>
            </param>
            <param index="16">
              <value>
                <![CDATA[$297.66]]>
              </value>
            </param>
          </params>
          <exception class="org.openqa.selenium.NoSuchElementException">
            <message>
              <![CDATA[Cannot locate element with text: Business Analyst/Consultant
For documentation on this error, please visit: https://www.seleniumhq.org/exceptions/no_such_element.html
Build info: version: '3.141.59', revision: 'e82be7d358', time: '2018-11-14T08:17:03'
System info: host: 'DESKTOP-95QKK0U', ip: '192.168.1.108', os.name: 'Windows 10', os.arch: 'amd64', os.version: '10.0', java.version: '1.8.0_181'
Driver info: driver.version: unknown]]>
            </message>
            <full-stacktrace>
              <![CDATA[org.openqa.selenium.NoSuchElementException: Cannot locate element with text: Business Analyst/Consultant
For documentation on this error, please visit: https://www.seleniumhq.org/exceptions/no_such_element.html
Build info: version: '3.141.59', revision: 'e82be7d358', time: '2018-11-14T08:17:03'
System info: host: 'DESKTOP-95QKK0U', ip: '192.168.1.108', os.name: 'Windows 10', os.arch: 'amd64', os.version: '10.0', java.version: '1.8.0_181'
Driver info: driver.version: unknown
at org.openqa.selenium.support.ui.Select.selectByVisibleText(Select.java:147)
at com.eapplycalculators.pageObject.eApplyCalculatorPage.selectOccupation(eApplyCalculatorPage.java:121)
at com.eapplycalculators.testCases.TC_eApplyCalDDT.eApplyCalculator(TC_eApplyCalDDT.java:35)
at sun.reflect.NativeMethodAccessorImpl.invoke0(Native Method)
at sun.reflect.NativeMethodAccessorImpl.invoke(NativeMethodAccessorImpl.java:62)
at sun.reflect.DelegatingMethodAccessorImpl.invoke(DelegatingMethodAccessorImpl.java:43)
at java.lang.reflect.Method.invoke(Method.java:498)
at org.testng.internal.MethodInvocationHelper.invokeMethod(MethodInvocationHelper.java:134)
at org.testng.internal.TestInvoker.invokeMethod(TestInvoker.java:597)
at org.testng.internal.TestInvoker.invokeTestMethod(TestInvoker.java:173)
at org.testng.internal.MethodRunner.runInSequence(MethodRunner.java:46)
at org.testng.internal.TestInvoker$MethodInvocationAgent.invoke(TestInvoker.java:816)
at org.testng.internal.TestInvoker.invokeTestMethods(TestInvoker.java:146)
at org.testng.internal.TestMethodWorker.invokeTestMethods(TestMethodWorker.java:146)
at org.testng.internal.TestMethodWorker.run(TestMethodWorker.java:128)
at java.util.ArrayList.forEach(ArrayList.java:1257)
at org.testng.TestRunner.privateRun(TestRunner.java:766)
at org.testng.TestRunner.run(TestRunner.java:587)
at org.testng.SuiteRunner.runTest(SuiteRunner.java:384)
at org.testng.SuiteRunner.runSequentially(SuiteRunner.java:378)
at org.testng.SuiteRunner.privateRun(SuiteRunner.java:337)
at org.testng.SuiteRunner.run(SuiteRunner.java:286)
at org.testng.SuiteRunnerWorker.runSuite(SuiteRunnerWorker.java:53)
at org.testng.SuiteRunnerWorker.run(SuiteRunnerWorker.java:96)
at org.testng.TestNG.runSuitesSequentially(TestNG.java:1187)
at org.testng.TestNG.runSuitesLocally(TestNG.java:1109)
at org.testng.TestNG.runSuites(TestNG.java:1039)
at org.testng.TestNG.run(TestNG.java:1007)
at org.apache.maven.surefire.testng.TestNGExecutor.run(TestNGExecutor.java:283)
at org.apache.maven.surefire.testng.TestNGXmlTestSuite.execute(TestNGXmlTestSuite.java:75)
at org.apache.maven.surefire.testng.TestNGProvider.invoke(TestNGProvider.java:120)
at org.apache.maven.surefire.booter.ForkedBooter.runSuitesInProcess(ForkedBooter.java:377)
at org.apache.maven.surefire.booter.ForkedBooter.execute(ForkedBooter.java:138)
at org.apache.maven.surefire.booter.ForkedBooter.run(ForkedBooter.java:465)
at org.apache.maven.surefire.booter.ForkedBooter.main(ForkedBooter.java:451)
]]>
            </full-stacktrace>
          </exception> <!-- org.openqa.selenium.NoSuchElementException -->
          <reporter-output>
          </reporter-output>
        </test-method> <!-- eApplyCalculator -->
        <test-method status="PASS" signature="tearDown()[pri:0, instance:com.eapplycalculators.testCases.TC_eApplyCalDDT@18eed359]" name="tearDown" is-config="true" duration-ms="632" started-at="2020-02-25T22:16:40 AEDT" finished-at="2020-02-25T22:16:41 AEDT">
          <reporter-output>
          </reporter-output>
        </test-method> <!-- tearDown -->
      </class> <!-- com.eapplycalculators.testCases.TC_eApplyCalDDT -->
    </test> <!-- Default test -->
  </suite> <!-- Default suite -->
</testng-results>
